<?xml version="1.0" encoding="UTF-8"?>
<testng-results ignored="0" total="3" passed="3" failed="0" skipped="0">
  <reporter-output>
  </reporter-output>
  <suite started-at="2024-05-02T14:47:58 AEST" name="Default suite" finished-at="2024-05-02T14:48:02 AEST" duration-ms="4501">
    <groups>
    </groups>
    <test started-at="2024-05-02T14:47:58 AEST" name="Default test" finished-at="2024-05-02T14:48:02 AEST" duration-ms="4501">
      <class name="files.DynamicJson">
        <test-method signature="addBook(java.lang.String,java.lang.String)[pri:0, instance:files.DynamicJson@4b0d79fc]" started-at="2024-05-02T14:47:58 AEST" name="addBook" data-provider="BooksData" finished-at="2024-05-02T14:48:01 AEST" duration-ms="2960" status="PASS">
          <params>
            <param index="0">
              <value>
                <![CDATA[ojfwty]]>
              </value>
            </param>
            <param index="1">
              <value>
                <![CDATA[9363]]>
              </value>
            </param>
          </params>
          <reporter-output>
          </reporter-output>
        </test-method> <!-- addBook -->
        <test-method signature="addBook(java.lang.String,java.lang.String)[pri:0, instance:files.DynamicJson@4b0d79fc]" started-at="2024-05-02T14:48:01 AEST" name="addBook" data-provider="BooksData" finished-at="2024-05-02T14:48:01 AEST" duration-ms="756" status="PASS">
          <params>
            <param index="0">
              <value>
                <![CDATA[cwette]]>
              </value>
            </param>
            <param index="1">
              <value>
                <![CDATA[42532]]>
              </value>
            </param>
          </params>
          <reporter-output>
          </reporter-output>
        </test-method> <!-- addBook -->
        <test-method signature="addBook(java.lang.String,java.lang.String)[pri:0, instance:files.DynamicJson@4b0d79fc]" started-at="2024-05-02T14:48:01 AEST" name="addBook" data-provider="BooksData" finished-at="2024-05-02T14:48:02 AEST" duration-ms="734" status="PASS">
          <params>
            <param index="0">
              <value>
                <![CDATA[okmfet]]>
              </value>
            </param>
            <param index="1">
              <value>
                <![CDATA[533]]>
              </value>
            </param>
          </params>
          <reporter-output>
          </reporter-output>
        </test-method> <!-- addBook -->
      </class> <!-- files.DynamicJson -->
    </test> <!-- Default test -->
  </suite> <!-- Default suite -->
</testng-results>
